20-May-2025 18:00:00.502 INFO [main] org.apache.catalina.startup.VersionLoggerListener.log Server version name:   Apache Tomcat/9.0.104
20-May-2025 18:00:00.516 INFO [main] org.apache.catalina.startup.VersionLoggerListener.log Server built:          Apr 4 2025 12:32:55 UTC
20-May-2025 18:00:00.516 INFO [main] org.apache.catalina.startup.VersionLoggerListener.log Server version number: 9.0.104.0
20-May-2025 18:00:00.518 INFO [main] org.apache.catalina.startup.VersionLoggerListener.log OS Name:               Windows 11
20-May-2025 18:00:00.518 INFO [main] org.apache.catalina.startup.VersionLoggerListener.log OS Version:            10.0
20-May-2025 18:00:00.518 INFO [main] org.apache.catalina.startup.VersionLoggerListener.log Architecture:          amd64
20-May-2025 18:00:00.518 INFO [main] org.apache.catalina.startup.VersionLoggerListener.log Java Home:             C:\Program Files\Java\jdk-21
20-May-2025 18:00:00.520 INFO [main] org.apache.catalina.startup.VersionLoggerListener.log JVM Version:           21.0.6+8-LTS-188
20-May-2025 18:00:00.520 INFO [main] org.apache.catalina.startup.VersionLoggerListener.log JVM Vendor:            Oracle Corporation
20-May-2025 18:00:00.520 INFO [main] org.apache.catalina.startup.VersionLoggerListener.log CATALINA_BASE:         D:\Projects\syos-pos\syos-backend
20-May-2025 18:00:00.520 INFO [main] org.apache.catalina.startup.VersionLoggerListener.log CATALINA_HOME:         D:\Learning\apache-tomcat-server\apache-tomcat-9.0.104\apache-tomcat-9.0.104
20-May-2025 18:00:00.544 INFO [main] org.apache.catalina.startup.VersionLoggerListener.log Command line argument: --add-opens=java.base/java.lang=ALL-UNNAMED
20-May-2025 18:00:00.544 INFO [main] org.apache.catalina.startup.VersionLoggerListener.log Command line argument: --add-opens=java.base/java.io=ALL-UNNAMED
20-May-2025 18:00:00.546 INFO [main] org.apache.catalina.startup.VersionLoggerListener.log Command line argument: --add-opens=java.base/java.util=ALL-UNNAMED
20-May-2025 18:00:00.546 INFO [main] org.apache.catalina.startup.VersionLoggerListener.log Command line argument: --add-opens=java.base/java.util.concurrent=ALL-UNNAMED
20-May-2025 18:00:00.546 INFO [main] org.apache.catalina.startup.VersionLoggerListener.log Command line argument: --add-opens=java.rmi/sun.rmi.transport=ALL-UNNAMED
20-May-2025 18:00:00.546 INFO [main] org.apache.catalina.startup.VersionLoggerListener.log Command line argument: -Dcatalina.home=D:\Learning\apache-tomcat-server\apache-tomcat-9.0.104\apache-tomcat-9.0.104
20-May-2025 18:00:00.546 INFO [main] org.apache.catalina.startup.VersionLoggerListener.log Command line argument: -Dcatalina.base=D:\Projects\syos-pos\syos-backend
20-May-2025 18:00:00.546 INFO [main] org.apache.catalina.startup.VersionLoggerListener.log Command line argument: -Djava.io.tmpdir=D:\Projects\syos-pos\syos-backend\temp
20-May-2025 18:00:00.548 INFO [main] org.apache.catalina.startup.VersionLoggerListener.log Command line argument: -Djava.util.logging.config.file=D:\Projects\syos-pos\syos-backend\conf\logging.properties
20-May-2025 18:00:00.548 INFO [main] org.apache.catalina.startup.VersionLoggerListener.log Command line argument: -Djava.util.logging.manager=org.apache.juli.ClassLoaderLogManager
20-May-2025 18:00:00.548 INFO [main] org.apache.catalina.startup.VersionLoggerListener.log Command line argument: -javaagent:C:\Program Files\JetBrains\IntelliJ IDEA Community Edition 2025.1\lib\idea_rt.jar=50199
20-May-2025 18:00:00.548 INFO [main] org.apache.catalina.startup.VersionLoggerListener.log Command line argument: -Dfile.encoding=UTF-8
20-May-2025 18:00:00.548 INFO [main] org.apache.catalina.startup.VersionLoggerListener.log Command line argument: -Dsun.stdout.encoding=UTF-8
20-May-2025 18:00:00.548 INFO [main] org.apache.catalina.startup.VersionLoggerListener.log Command line argument: -Dsun.stderr.encoding=UTF-8
20-May-2025 18:00:00.581 INFO [main] org.apache.catalina.core.AprLifecycleListener.lifecycleEvent The Apache Tomcat Native library which allows using OpenSSL was not found on the java.library.path: [C:\Program Files\Java\jdk-21\bin;C:\WINDOWS\Sun\Java\bin;C:\WINDOWS\system32;C:\WINDOWS;C:\Program Files\Common Files\Oracle\Java\javapath;C:\WINDOWS\system32;C:\WINDOWS;C:\WINDOWS\System32\Wbem;C:\WINDOWS\System32\WindowsPowerShell\v1.0\;C:\WINDOWS\System32\OpenSSH\;C:\Program Files\Intel\WiFi\bin\;C:\Program Files\Common Files\Intel\WirelessCommon\;C:\Program Files\Git\cmd;C:\Program Files\Microsoft SQL Server\150\Tools\Binn\;C:\Users\Savi\AppData\Local\nvm;C:\nvm4w\nodejs;C:\Program Files\nodejs\;C:\Program Files\dotnet\;C:\Program Files\Ballerina\\bin;C:\Program Files\MySQL\MySQL Server 8.0\bin;C:\Program Files\MySQL\MySQL Shell 8.0\bin\;C:\Users\Savi\AppData\Local\Programs\Python\Python313\Scripts\;C:\Users\Savi\AppData\Local\Programs\Python\Python313\;C:\Users\Savi\AppData\Local\Microsoft\WindowsApps;C:\Users\Savi\AppData\Local\Programs\Microsoft VS Code\bin;C:\Users\Savi\.dotnet\tools;C:\Users\Savi\AppData\Local\Microsoft\WindowsApps;C:\Users\Savi\AppData\Local\nvm;C:\nvm4w\nodejs;C:\Program Files\nvm;C:\Users\Savi\AppData\Roaming\nvm\v16.20.0;C:\Users\Savi\AppData\Local\spicetify;C:\Program Files\JetBrains\JetBrains Rider 2024.3.4\bin;;C:\Program Files\JetBrains\IntelliJ IDEA Community Edition 2025.1\bin;;C:\Users\Savi\AppData\Local\Programs\Hyper\resources\bin;C:\php;C:\Users\Savi\AppData\Local\Microsoft\WinGet\Packages\Schniz.fnm_Microsoft.Winget.Source_8wekyb3d8bbwe;C:\Users\Savi\AppData\Roaming\npm;C:\Users\Savi\.dotnet\tools;C:\Program Files\JetBrains\IntelliJ IDEA 2025.1\bin;;.]
20-May-2025 18:00:03.134 INFO [main] org.apache.coyote.AbstractProtocol.init Initializing ProtocolHandler ["http-nio-8080"]
20-May-2025 18:00:03.275 INFO [main] org.apache.catalina.startup.Catalina.load Server initialization in [4435] milliseconds
20-May-2025 18:00:03.408 INFO [main] org.apache.catalina.core.StandardService.startInternal Starting service [Catalina]
20-May-2025 18:00:03.408 INFO [main] org.apache.catalina.core.StandardEngine.startInternal Starting Servlet engine: [Apache Tomcat/9.0.104]
20-May-2025 18:00:03.435 INFO [main] org.apache.catalina.startup.HostConfig.deployDescriptor Deploying deployment descriptor [D:\Projects\syos-pos\syos-backend\conf\Catalina\localhost\syos-backend.xml]
20-May-2025 18:00:06.769 INFO [main] org.apache.jasper.servlet.TldScanner.scanJars At least one JAR was scanned for TLDs yet contained no TLDs. Enable debug logging for this logger for a complete list of JARs that were scanned but no TLDs were found in them. Skipping unneeded JARs during scanning can improve startup time and JSP compilation time.
20-May-2025 18:00:06.898 INFO [main] org.apache.catalina.startup.HostConfig.deployDescriptor Deployment of deployment descriptor [D:\Projects\syos-pos\syos-backend\conf\Catalina\localhost\syos-backend.xml] has finished in [3,463] ms
20-May-2025 18:00:06.908 INFO [main] org.apache.coyote.AbstractProtocol.start Starting ProtocolHandler ["http-nio-8080"]
20-May-2025 18:00:06.973 INFO [main] org.apache.catalina.startup.Catalina.start Server startup in [3689] milliseconds
20-May-2025 18:09:33.889 INFO [Thread-1] org.apache.coyote.AbstractProtocol.pause Pausing ProtocolHandler ["http-nio-8080"]
20-May-2025 18:09:33.902 INFO [Thread-1] org.apache.catalina.core.StandardService.stopInternal Stopping service [Catalina]
20-May-2025 18:09:33.930 INFO [Thread-1] org.apache.coyote.AbstractProtocol.stop Stopping ProtocolHandler ["http-nio-8080"]
20-May-2025 18:09:33.941 INFO [Thread-1] org.apache.coyote.AbstractProtocol.destroy Destroying ProtocolHandler ["http-nio-8080"]
